<?xml version="1.0" encoding="UTF-8"?>
<!-- Generated by org.testng.reporters.JUnitXMLReporter -->
<testsuite ignored="0" hostname="ANURAG" failures="0" tests="2" name="Error Validations" time="10.741" errors="0" timestamp="2025-07-05T19:30:43 IST">
  <testcase classname="seleniumAutomation.tests.ErrorValidationsTest" name="loginErrorValidation" time="0.982"/>
  <testcase classname="seleniumAutomation.tests.ErrorValidationsTest" name="productPageErrorValidation" time="0.796"/>
</testsuite> <!-- Error Validations -->
