<?xml version="1.0" encoding="UTF-8"?>
<!-- Generated by org.testng.reporters.JUnitXMLReporter -->
<testsuite ignored="0" hostname="ANURAG" failures="0" tests="4" name="Submit Order" time="26.055" errors="0" timestamp="2025-07-05T19:30:59 IST">
  <testcase classname="seleniumAutomation.tests.SubmitOrderTest" name="submitOrder" time="2.992"/>
  <testcase classname="seleniumAutomation.tests.SubmitOrderTest" name="submitOrder" time="3.06"/>
  <testcase classname="seleniumAutomation.tests.SubmitOrderTest" name="orderHistory" time="0.555"/>
  <testcase classname="seleniumAutomation.tests.SubmitOrderTest" name="orderHistory" time="0.531"/>
</testsuite> <!-- Submit Order -->
