<?xml version="1.0" encoding="UTF-8"?>
<!-- Generated by org.testng.reporters.JUnitXMLReporter -->
<testsuite ignored="0" hostname="ANURAG" failures="0" tests="4" name="Submit Order" time="28.278" errors="0" timestamp="2025-07-06T11:29:52 IST">
  <testcase classname="seleniumAutomation.tests.SubmitOrderTest" name="submitOrder" time="3.326"/>
  <testcase classname="seleniumAutomation.tests.SubmitOrderTest" name="submitOrder" time="3.001"/>
  <testcase classname="seleniumAutomation.tests.SubmitOrderTest" name="orderHistory" time="0.625"/>
  <testcase classname="seleniumAutomation.tests.SubmitOrderTest" name="orderHistory" time="0.548"/>
</testsuite> <!-- Submit Order -->
