<?xml version="1.0" encoding="UTF-8"?>
<!-- Generated by org.testng.reporters.JUnitXMLReporter -->
<testsuite ignored="0" hostname="ANURAG" failures="0" tests="3" name="Default test" time="0.48" errors="0" timestamp="2025-07-13T17:25:31 IST">
  <testcase classname="dataDriven.excelDataProvider.dataProvider" name="testCaseData" time="0.005"/>
  <testcase classname="dataDriven.excelDataProvider.dataProvider" name="testCaseData" time="0.002"/>
  <testcase classname="dataDriven.excelDataProvider.dataProvider" name="testCaseData" time="0.001"/>
</testsuite> <!-- Default test -->
