<?xml version="1.0" encoding="UTF-8"?>
<testng-results ignored="0" total="1" passed="1" failed="0" skipped="0">
  <reporter-output>
  </reporter-output>
  <suite started-at="2025-07-03T22:49:05 IST" name="Default suite" finished-at="2025-07-03T22:49:08 IST" duration-ms="3412">
    <groups>
    </groups>
    <test started-at="2025-07-03T22:49:05 IST" name="Default test" finished-at="2025-07-03T22:49:08 IST" duration-ms="3412">
      <class name="extentReportsPractice.ExtentReports.ExtentReportDemo">
        <test-method is-config="true" signature="config()[pri:0, instance:extentReportsPractice.ExtentReports.ExtentReportDemo@7f485fda]" started-at="2025-07-03T22:49:05 IST" name="config" finished-at="2025-07-03T22:49:05 IST" duration-ms="172" status="PASS">
          <reporter-output>
          </reporter-output>
        </test-method> <!-- config -->
        <test-method signature="initialDemo()[pri:0, instance:extentReportsPractice.ExtentReports.ExtentReportDemo@7f485fda]" started-at="2025-07-03T22:49:05 IST" name="initialDemo" finished-at="2025-07-03T22:49:08 IST" duration-ms="3214" status="PASS">
          <reporter-output>
          </reporter-output>
        </test-method> <!-- initialDemo -->
      </class> <!-- extentReportsPractice.ExtentReports.ExtentReportDemo -->
    </test> <!-- Default test -->
  </suite> <!-- Default suite -->
</testng-results>
