<?xml version="1.0" encoding="UTF-8"?>
<!-- Generated by org.testng.reporters.JUnitXMLReporter -->
<testsuite ignored="1" hostname="ANURAG" failures="0" tests="6" name="class2" time="0.071" errors="0" timestamp="2025-05-18T13:54:38 IST">
  <testcase classname="introduction.Introduction_To_TestNG_2" name="firstTestClassNew" time="0.006"/>
  <testcase classname="introduction.Introduction_To_TestNG_2" name="test3ClassNew" time="0.002"/>
  <testcase classname="introduction.Introduction_To_TestNG_4" name="printGlobalVariable" time="0.002"/>
  <testcase classname="introduction.Introduction_To_TestNG_4" name="test3ClassNew" time="0.001"/>
  <testcase classname="introduction.Introduction_To_TestNG_4" name="test2ClassNew" time="0.002"/>
  <testcase classname="introduction.Introduction_To_TestNG_4" name="firstTestClassNew" time="0.002"/>
  <testcase classname="introduction.Introduction_To_TestNG_2" name="test2ClassNew" time="0.0">
    <ignored/>
  </testcase> <!-- test2ClassNew -->
</testsuite> <!-- class2 -->
