<?xml version="1.0" encoding="UTF-8"?>
<!-- Generated by org.testng.reporters.JUnitXMLReporter -->
<testsuite ignored="0" hostname="ANURAG" failures="0" tests="5" name="class1" time="0.064" errors="0" timestamp="2025-05-18T13:54:38 IST">
  <testcase classname="introduction.Introduction_To_TestNG" name="firstTest" time="0.005"/>
  <testcase classname="introduction.Introduction_To_TestNG" name="test2" time="0.001"/>
  <testcase classname="introduction.Introduction_To_TestNG_3" name="firstTestClassNew" time="0.001"/>
  <testcase classname="introduction.Introduction_To_TestNG_3" name="test2ClassNew" time="0.002"/>
  <testcase classname="introduction.Introduction_To_TestNG_3" name="test3ClassNew" time="0.001"/>
</testsuite> <!-- class1 -->
