<?xml version="1.0" encoding="UTF-8"?>
<!-- Generated by org.testng.reporters.JUnitXMLReporter -->
<testsuite ignored="1" hostname="ANURAG" failures="0" tests="2" name="Default test" time="18.8" errors="0" timestamp="2025-07-04T00:02:29 IST">
  <testcase classname="seleniumAutomation.tests.SubmitOrderTest" name="submitOrder" time="3.177"/>
  <testcase classname="seleniumAutomation.tests.SubmitOrderTest" name="submitOrder" time="3.251"/>
  <testcase classname="seleniumAutomation.tests.SubmitOrderTest" name="orderHistory" time="0.0">
    <ignored/>
  </testcase> <!-- orderHistory -->
</testsuite> <!-- Default test -->
