<?xml version="1.0" encoding="UTF-8"?>
<!-- Generated by org.testng.reporters.JUnitXMLReporter -->
<testsuite ignored="0" hostname="ANURAG" failures="0" tests="4" name="Default test" time="28.575" errors="0" timestamp="2025-05-29T14:03:18 IST">
  <testcase classname="seleniumAutomation.tests.SubmitOrderTest" name="submitOrder" time="2.728"/>
  <testcase classname="seleniumAutomation.tests.SubmitOrderTest" name="submitOrder" time="3.142"/>
  <testcase classname="seleniumAutomation.tests.SubmitOrderTest" name="orderHistory" time="0.505"/>
  <testcase classname="seleniumAutomation.tests.SubmitOrderTest" name="orderHistory" time="0.64"/>
</testsuite> <!-- Default test -->
