<?xml version="1.0" encoding="UTF-8"?>
<testng-results ignored="1" total="18" passed="16" failed="1" skipped="0">
  <reporter-output>
  </reporter-output>
  <suite started-at="2025-05-18T13:54:38 IST" name="Suite" finished-at="2025-05-18T13:54:38 IST" duration-ms="187">
    <groups>
      <group name="executeGroup">
        <method signature="Introduction_To_TestNG_3.test2ClassNew()[pri:0, instance:introduction.Introduction_To_TestNG_3@60099951]" name="test2ClassNew" class="introduction.Introduction_To_TestNG_3"/>
        <method signature="Introduction_To_TestNG_4.test2ClassNew()[pri:0, instance:introduction.Introduction_To_TestNG_4@3f191845]" name="test2ClassNew" class="introduction.Introduction_To_TestNG_4"/>
        <method signature="Introduction_To_TestNG_2.test3ClassNew()[pri:0, instance:introduction.Introduction_To_TestNG_2@35dab4eb]" name="test3ClassNew" class="introduction.Introduction_To_TestNG_2"/>
      </group> <!-- executeGroup -->
    </groups>
    <test started-at="2025-05-18T13:54:38 IST" name="class1" finished-at="2025-05-18T13:54:38 IST" duration-ms="64">
      <class name="introduction.Introduction_To_TestNG">
        <test-method is-config="true" signature="runBeforeTest()[pri:0, instance:introduction.Introduction_To_TestNG@45099dd3]" started-at="2025-05-18T13:54:38 IST" name="runBeforeTest" finished-at="2025-05-18T13:54:38 IST" duration-ms="1" status="PASS">
          <reporter-output>
          </reporter-output>
        </test-method> <!-- runBeforeTest -->
        <test-method signature="firstTest()[pri:0, instance:introduction.Introduction_To_TestNG@45099dd3]" started-at="2025-05-18T13:54:38 IST" name="firstTest" finished-at="2025-05-18T13:54:38 IST" duration-ms="5" status="PASS">
          <reporter-output>
          </reporter-output>
        </test-method> <!-- firstTest -->
        <test-method signature="test2()[pri:0, instance:introduction.Introduction_To_TestNG@45099dd3]" started-at="2025-05-18T13:54:38 IST" name="test2" finished-at="2025-05-18T13:54:38 IST" duration-ms="1" status="PASS">
          <reporter-output>
          </reporter-output>
        </test-method> <!-- test2 -->
        <test-method is-config="true" signature="runAfterTest()[pri:0, instance:introduction.Introduction_To_TestNG@45099dd3]" started-at="2025-05-18T13:54:38 IST" name="runAfterTest" finished-at="2025-05-18T13:54:38 IST" duration-ms="0" status="PASS">
          <reporter-output>
          </reporter-output>
        </test-method> <!-- runAfterTest -->
      </class> <!-- introduction.Introduction_To_TestNG -->
      <class name="introduction.Introduction_To_TestNG_3">
        <test-method is-config="true" signature="executeBeforeMethod()[pri:0, instance:introduction.Introduction_To_TestNG_3@60099951]" started-at="2025-05-18T13:54:38 IST" name="executeBeforeMethod" finished-at="2025-05-18T13:54:38 IST" duration-ms="1" status="PASS">
          <reporter-output>
          </reporter-output>
        </test-method> <!-- executeBeforeMethod -->
        <test-method signature="firstTestClassNew()[pri:0, instance:introduction.Introduction_To_TestNG_3@60099951]" started-at="2025-05-18T13:54:38 IST" name="firstTestClassNew" finished-at="2025-05-18T13:54:38 IST" duration-ms="1" status="PASS">
          <reporter-output>
          </reporter-output>
        </test-method> <!-- firstTestClassNew -->
        <test-method is-config="true" signature="executeAfterMethod()[pri:0, instance:introduction.Introduction_To_TestNG_3@60099951]" started-at="2025-05-18T13:54:38 IST" name="executeAfterMethod" finished-at="2025-05-18T13:54:38 IST" duration-ms="1" status="PASS">
          <reporter-output>
          </reporter-output>
        </test-method> <!-- executeAfterMethod -->
        <test-method signature="test2ClassNew()[pri:0, instance:introduction.Introduction_To_TestNG_3@60099951]" started-at="2025-05-18T13:54:38 IST" name="test2ClassNew" finished-at="2025-05-18T13:54:38 IST" duration-ms="2" status="PASS">
          <reporter-output>
          </reporter-output>
        </test-method> <!-- test2ClassNew -->
        <test-method is-config="true" signature="executeBeforeMethod()[pri:0, instance:introduction.Introduction_To_TestNG_3@60099951]" started-at="2025-05-18T13:54:38 IST" name="executeBeforeMethod" finished-at="2025-05-18T13:54:38 IST" duration-ms="0" status="PASS">
          <reporter-output>
          </reporter-output>
        </test-method> <!-- executeBeforeMethod -->
        <test-method is-config="true" signature="executeAfterMethod()[pri:0, instance:introduction.Introduction_To_TestNG_3@60099951]" started-at="2025-05-18T13:54:38 IST" name="executeAfterMethod" finished-at="2025-05-18T13:54:38 IST" duration-ms="0" status="PASS">
          <reporter-output>
          </reporter-output>
        </test-method> <!-- executeAfterMethod -->
        <test-method is-config="true" signature="executeBeforeMethod()[pri:0, instance:introduction.Introduction_To_TestNG_3@60099951]" started-at="2025-05-18T13:54:38 IST" name="executeBeforeMethod" finished-at="2025-05-18T13:54:38 IST" duration-ms="1" status="PASS">
          <reporter-output>
          </reporter-output>
        </test-method> <!-- executeBeforeMethod -->
        <test-method signature="test3ClassNew()[pri:0, instance:introduction.Introduction_To_TestNG_3@60099951]" started-at="2025-05-18T13:54:38 IST" name="test3ClassNew" finished-at="2025-05-18T13:54:38 IST" duration-ms="1" status="PASS">
          <reporter-output>
          </reporter-output>
        </test-method> <!-- test3ClassNew -->
        <test-method is-config="true" signature="executeAfterMethod()[pri:0, instance:introduction.Introduction_To_TestNG_3@60099951]" started-at="2025-05-18T13:54:38 IST" name="executeAfterMethod" finished-at="2025-05-18T13:54:38 IST" duration-ms="1" status="PASS">
          <reporter-output>
          </reporter-output>
        </test-method> <!-- executeAfterMethod -->
      </class> <!-- introduction.Introduction_To_TestNG_3 -->
    </test> <!-- class1 -->
    <test started-at="2025-05-18T13:54:38 IST" name="class2" finished-at="2025-05-18T13:54:38 IST" duration-ms="71">
      <class name="introduction.Introduction_To_TestNG_2">
        <test-method is-config="true" signature="executeBeforeClass()[pri:0, instance:introduction.Introduction_To_TestNG_2@35dab4eb]" started-at="2025-05-18T13:54:38 IST" name="executeBeforeClass" finished-at="2025-05-18T13:54:38 IST" duration-ms="1" status="PASS">
          <reporter-output>
          </reporter-output>
        </test-method> <!-- executeBeforeClass -->
        <test-method signature="firstTestClassNew()[pri:0, instance:introduction.Introduction_To_TestNG_2@35dab4eb]" started-at="2025-05-18T13:54:38 IST" name="firstTestClassNew" finished-at="2025-05-18T13:54:38 IST" duration-ms="6" status="PASS">
          <reporter-output>
          </reporter-output>
        </test-method> <!-- firstTestClassNew -->
        <test-method signature="test3ClassNew()[pri:0, instance:introduction.Introduction_To_TestNG_2@35dab4eb]" started-at="2025-05-18T13:54:38 IST" name="test3ClassNew" finished-at="2025-05-18T13:54:38 IST" duration-ms="2" status="PASS">
          <reporter-output>
          </reporter-output>
        </test-method> <!-- test3ClassNew -->
        <test-method is-config="true" signature="executeAfterClass()[pri:0, instance:introduction.Introduction_To_TestNG_2@35dab4eb]" started-at="2025-05-18T13:54:38 IST" name="executeAfterClass" finished-at="2025-05-18T13:54:38 IST" duration-ms="1" status="PASS">
          <reporter-output>
          </reporter-output>
        </test-method> <!-- executeAfterClass -->
      </class> <!-- introduction.Introduction_To_TestNG_2 -->
      <class name="introduction.Introduction_To_TestNG_4">
        <test-method signature="printGlobalVariable(java.lang.String,java.lang.String)[pri:0, instance:introduction.Introduction_To_TestNG_4@3f191845]" started-at="2025-05-18T13:54:38 IST" name="printGlobalVariable" finished-at="2025-05-18T13:54:38 IST" duration-ms="2" status="PASS">
          <params>
            <param index="0">
              <value>
                <![CDATA[anurag.pandey]]>
              </value>
            </param>
            <param index="1">
              <value>
                <![CDATA[Alert1234]]>
              </value>
            </param>
          </params>
          <reporter-output>
          </reporter-output>
        </test-method> <!-- printGlobalVariable -->
        <test-method signature="test3ClassNew()[pri:0, instance:introduction.Introduction_To_TestNG_4@3f191845]" started-at="2025-05-18T13:54:38 IST" name="test3ClassNew" finished-at="2025-05-18T13:54:38 IST" duration-ms="1" status="PASS">
          <reporter-output>
          </reporter-output>
        </test-method> <!-- test3ClassNew -->
        <test-method signature="test2ClassNew()[pri:0, instance:introduction.Introduction_To_TestNG_4@3f191845]" started-at="2025-05-18T13:54:38 IST" name="test2ClassNew" finished-at="2025-05-18T13:54:38 IST" depends-on-methods="introduction.Introduction_To_TestNG_4.test3ClassNew" duration-ms="2" status="PASS">
          <reporter-output>
          </reporter-output>
        </test-method> <!-- test2ClassNew -->
        <test-method signature="firstTestClassNew()[pri:0, instance:introduction.Introduction_To_TestNG_4@3f191845]" started-at="2025-05-18T13:54:38 IST" name="firstTestClassNew" finished-at="2025-05-18T13:54:38 IST" depends-on-methods="introduction.Introduction_To_TestNG_4.test3ClassNew, introduction.Introduction_To_TestNG_4.test2ClassNew" duration-ms="2" status="PASS">
          <reporter-output>
          </reporter-output>
        </test-method> <!-- firstTestClassNew -->
      </class> <!-- introduction.Introduction_To_TestNG_4 -->
    </test> <!-- class2 -->
    <test started-at="2025-05-18T13:54:38 IST" name="class3" finished-at="2025-05-18T13:54:38 IST" duration-ms="35">
      <class name="introduction.Introduction_To_TestNG_5">
        <test-method signature="printData(java.lang.String,java.lang.String)[pri:0, instance:introduction.Introduction_To_TestNG_5@7d9d0818]" started-at="2025-05-18T13:54:38 IST" name="printData" data-provider="getData" finished-at="2025-05-18T13:54:38 IST" duration-ms="1" status="PASS">
          <params>
            <param index="0">
              <value>
                <![CDATA[ankit.pathak]]>
              </value>
            </param>
            <param index="1">
              <value>
                <![CDATA[Edifecs1234]]>
              </value>
            </param>
          </params>
          <reporter-output>
          </reporter-output>
        </test-method> <!-- printData -->
        <test-method signature="printData(java.lang.String,java.lang.String)[pri:0, instance:introduction.Introduction_To_TestNG_5@7d9d0818]" started-at="2025-05-18T13:54:38 IST" name="printData" data-provider="getData" finished-at="2025-05-18T13:54:38 IST" duration-ms="2" status="PASS">
          <params>
            <param index="0">
              <value>
                <![CDATA[chesta.gupta]]>
              </value>
            </param>
            <param index="1">
              <value>
                <![CDATA[Alabama1234]]>
              </value>
            </param>
          </params>
          <reporter-output>
          </reporter-output>
        </test-method> <!-- printData -->
        <test-method signature="printData(java.lang.String,java.lang.String)[pri:0, instance:introduction.Introduction_To_TestNG_5@7d9d0818]" started-at="2025-05-18T13:54:38 IST" name="printData" data-provider="getData" finished-at="2025-05-18T13:54:38 IST" duration-ms="1" status="PASS">
          <params>
            <param index="0">
              <value>
                <![CDATA[ankita.goyal]]>
              </value>
            </param>
            <param index="1">
              <value>
                <![CDATA[Manager1234]]>
              </value>
            </param>
          </params>
          <reporter-output>
          </reporter-output>
        </test-method> <!-- printData -->
        <test-method signature="printLocalVariable(java.lang.String,java.lang.String)[pri:0, instance:introduction.Introduction_To_TestNG_5@7d9d0818]" started-at="2025-05-18T13:54:38 IST" name="printLocalVariable" finished-at="2025-05-18T13:54:38 IST" duration-ms="2" status="PASS">
          <params>
            <param index="0">
              <value>
                <![CDATA[simone.anand]]>
              </value>
            </param>
            <param index="1">
              <value>
                <![CDATA[Clay1234]]>
              </value>
            </param>
          </params>
          <reporter-output>
          </reporter-output>
        </test-method> <!-- printLocalVariable -->
        <test-method signature="testFailure()[pri:0, instance:introduction.Introduction_To_TestNG_5@7d9d0818]" started-at="2025-05-18T13:54:38 IST" name="testFailure" finished-at="2025-05-18T13:54:38 IST" duration-ms="12" status="FAIL">
          <exception class="java.lang.AssertionError">
            <message>
              <![CDATA[expected [true] but found [false]]]>
            </message>
            <full-stacktrace>
              <![CDATA[java.lang.AssertionError: expected [true] but found [false]
at org.testng.Assert.fail(Assert.java:111)
at org.testng.Assert.failNotEquals(Assert.java:1590)
at org.testng.Assert.assertTrue(Assert.java:57)
at org.testng.Assert.assertTrue(Assert.java:67)
at introduction.Introduction_To_TestNG_5.testFailure(Introduction_To_TestNG_5.java:24)
at java.base/jdk.internal.reflect.NativeMethodAccessorImpl.invoke0(Native Method)
at java.base/jdk.internal.reflect.NativeMethodAccessorImpl.invoke(NativeMethodAccessorImpl.java:77)
at java.base/jdk.internal.reflect.DelegatingMethodAccessorImpl.invoke(DelegatingMethodAccessorImpl.java:43)
at java.base/java.lang.reflect.Method.invoke(Method.java:568)
at org.testng.internal.invokers.MethodInvocationHelper.invokeMethod(MethodInvocationHelper.java:141)
at org.testng.internal.invokers.TestInvoker.invokeMethod(TestInvoker.java:687)
at org.testng.internal.invokers.TestInvoker.invokeTestMethod(TestInvoker.java:230)
at org.testng.internal.invokers.MethodRunner.runInSequence(MethodRunner.java:63)
at org.testng.internal.invokers.TestInvoker$MethodInvocationAgent.invoke(TestInvoker.java:995)
at org.testng.internal.invokers.TestInvoker.invokeTestMethods(TestInvoker.java:203)
at org.testng.internal.invokers.TestMethodWorker.invokeTestMethods(TestMethodWorker.java:154)
at org.testng.internal.invokers.TestMethodWorker.run(TestMethodWorker.java:134)
at java.base/java.util.ArrayList.forEach(ArrayList.java:1511)
at org.testng.TestRunner.privateRun(TestRunner.java:741)
at org.testng.TestRunner.run(TestRunner.java:616)
at org.testng.SuiteRunner.runTest(SuiteRunner.java:421)
at org.testng.SuiteRunner$SuiteWorker.run(SuiteRunner.java:463)
at org.testng.internal.thread.ThreadUtil.lambda$execute$0(ThreadUtil.java:64)
at java.base/java.util.concurrent.FutureTask.run(FutureTask.java:264)
at java.base/java.util.concurrent.ThreadPoolExecutor.runWorker(ThreadPoolExecutor.java:1136)
at java.base/java.util.concurrent.ThreadPoolExecutor$Worker.run(ThreadPoolExecutor.java:635)
at java.base/java.lang.Thread.run(Thread.java:840)
]]>
            </full-stacktrace>
          </exception> <!-- java.lang.AssertionError -->
          <reporter-output>
          </reporter-output>
        </test-method> <!-- testFailure -->
        <test-method signature="print()[pri:0, instance:introduction.Introduction_To_TestNG_5@7d9d0818]" started-at="2025-05-18T13:54:38 IST" name="print" finished-at="2025-05-18T13:54:38 IST" depends-on-methods="introduction.Introduction_To_TestNG_5.printData" duration-ms="1" status="PASS">
          <reporter-output>
          </reporter-output>
        </test-method> <!-- print -->
      </class> <!-- introduction.Introduction_To_TestNG_5 -->
      <class name="introduction.Introduction_To_TestNG_2">
        <test-method is-config="true" signature="executeBeforeSuite()[pri:0, instance:introduction.Introduction_To_TestNG_2@35dab4eb]" started-at="2025-05-18T13:54:38 IST" name="executeBeforeSuite" finished-at="2025-05-18T13:54:38 IST" duration-ms="9" status="PASS">
          <reporter-output>
          </reporter-output>
        </test-method> <!-- executeBeforeSuite -->
        <test-method is-config="true" signature="executeAfterSuite()[pri:0, instance:introduction.Introduction_To_TestNG_2@35dab4eb]" started-at="2025-05-18T13:54:38 IST" name="executeAfterSuite" finished-at="2025-05-18T13:54:38 IST" duration-ms="0" status="PASS">
          <reporter-output>
          </reporter-output>
        </test-method> <!-- executeAfterSuite -->
      </class> <!-- introduction.Introduction_To_TestNG_2 -->
    </test> <!-- class3 -->
  </suite> <!-- Suite -->
</testng-results>
